captureActivity/build/outputs/logs/manifest-merger-debug-report.txt
-- Merging decision tree log ---
manifest
ADDED from src\main\AndroidManifest.xml:17:1-231:12
	package
		ADDED from src\main\AndroidManifest.xml:18:5-46
		INJECTED from src\main\AndroidManifest.xml
		INJECTED from src\main\AndroidManifest.xml
	android:versionName
		ADDED from src\main\AndroidManifest.xml:21:5-32
		INJECTED from src\main\AndroidManifest.xml
		INJECTED from src\main\AndroidManifest.xml
	android:versionCode
		ADDED from src\main\AndroidManifest.xml:20:5-29
		INJECTED from src\main\AndroidManifest.xml
		INJECTED from src\main\AndroidManifest.xml
	xmlns:android
		ADDED from src\main\AndroidManifest.xml:17:11-69
	android:installLocation
		ADDED from src\main\AndroidManifest.xml:19:5-35
uses-permission#android.permission.CAMERA
ADDED from src\main\AndroidManifest.xml:23:5-65
	android:name
		ADDED from src\main\AndroidManifest.xml:23:22-62
uses-permission#android.permission.INTERNET
ADDED from src\main\AndroidManifest.xml:24:5-67
	android:name
		ADDED from src\main\AndroidManifest.xml:24:22-64
uses-permission#android.permission.VIBRATE
ADDED from src\main\AndroidManifest.xml:25:5-66
	android:name
		ADDED from src\main\AndroidManifest.xml:25:22-63
uses-permission#android.permission.FLASHLIGHT
ADDED from src\main\AndroidManifest.xml:26:5-69
	android:name
		ADDED from src\main\AndroidManifest.xml:26:22-66
uses-permission#android.permission.READ_CONTACTS
ADDED from src\main\AndroidManifest.xml:27:5-72
	android:name
		ADDED from src\main\AndroidManifest.xml:27:22-69
uses-permission#com.android.browser.permission.READ_HISTORY_BOOKMARKS
ADDED from src\main\AndroidManifest.xml:28:5-93
	android:name
		ADDED from src\main\AndroidManifest.xml:28:22-90
uses-permission#android.permission.WRITE_EXTERNAL_STORAGE
ADDED from src\main\AndroidManifest.xml:29:5-81
	android:name
		ADDED from src\main\AndroidManifest.xml:29:22-78
uses-permission#android.permission.CHANGE_WIFI_STATE
ADDED from src\main\AndroidManifest.xml:30:5-76
	android:name
		ADDED from src\main\AndroidManifest.xml:30:22-73
uses-permission#android.permission.ACCESS_WIFI_STATE
ADDED from src\main\AndroidManifest.xml:31:5-76
	android:name
		ADDED from src\main\AndroidManifest.xml:31:22-73
uses-sdk
ADDED from src\main\AndroidManifest.xml:33:5-35:41
MERGED from [ZxingDemo:zxingCore:unspecified] AndroidManifest.xml:7:5-9:41
MERGED from [com.android.support:support-v4:24.2.1] AndroidManifest.xml:21:5-23:54
MERGED from [com.android.support:support-compat:24.2.1] AndroidManifest.xml:21:5-23:58
MERGED from [com.android.support:support-media-compat:24.2.1] AndroidManifest.xml:21:5-23:63
MERGED from [com.android.support:support-compat:24.2.1] AndroidManifest.xml:21:5-23:58
MERGED from [com.android.support:support-core-utils:24.2.1] AndroidManifest.xml:21:5-23:61
MERGED from [com.android.support:support-compat:24.2.1] AndroidManifest.xml:21:5-23:58
MERGED from [com.android.support:support-core-ui:24.2.1] AndroidManifest.xml:21:5-23:58
MERGED from [com.android.support:support-compat:24.2.1] AndroidManifest.xml:21:5-23:58
MERGED from [com.android.support:support-fragment:24.2.1] AndroidManifest.xml:21:5-23:60
MERGED from [com.android.support:support-compat:24.2.1] AndroidManifest.xml:21:5-23:58
MERGED from [com.android.support:support-media-compat:24.2.1] AndroidManifest.xml:21:5-23:63
MERGED from [com.android.support:support-compat:24.2.1] AndroidManifest.xml:21:5-23:58
MERGED from [com.android.support:support-core-ui:24.2.1] AndroidManifest.xml:21:5-23:58
MERGED from [com.android.support:support-compat:24.2.1] AndroidManifest.xml:21:5-23:58
MERGED from [com.android.support:support-core-utils:24.2.1] AndroidManifest.xml:21:5-23:61
MERGED from [com.android.support:support-compat:24.2.1] AndroidManifest.xml:21:5-23:58
MERGED from [com.android.support:support-v4:24.2.1] AndroidManifest.xml:21:5-23:54
MERGED from [com.android.support:support-compat:24.2.1] AndroidManifest.xml:21:5-23:58
MERGED from [com.android.support:support-media-compat:24.2.1] AndroidManifest.xml:21:5-23:63
MERGED from [com.android.support:support-compat:24.2.1] AndroidManifest.xml:21:5-23:58
MERGED from [com.android.support:support-core-utils:24.2.1] AndroidManifest.xml:21:5-23:61
MERGED from [com.android.support:support-compat:24.2.1] AndroidManifest.xml:21:5-23:58
MERGED from [com.android.support:support-core-ui:24.2.1] AndroidManifest.xml:21:5-23:58
MERGED from [com.android.support:support-compat:24.2.1] AndroidManifest.xml:21:5-23:58
MERGED from [com.android.support:support-fragment:24.2.1] AndroidManifest.xml:21:5-23:60
MERGED from [com.android.support:support-compat:24.2.1] AndroidManifest.xml:21:5-23:58
MERGED from [com.android.support:support-media-compat:24.2.1] AndroidManifest.xml:21:5-23:63
MERGED from [com.android.support:support-compat:24.2.1] AndroidManifest.xml:21:5-23:58
MERGED from [com.android.support:support-core-ui:24.2.1] AndroidManifest.xml:21:5-23:58
MERGED from [com.android.support:support-compat:24.2.1] AndroidManifest.xml:21:5-23:58
MERGED from [com.android.support:support-core-utils:24.2.1] AndroidManifest.xml:21:5-23:61
MERGED from [com.android.support:support-compat:24.2.1] AndroidManifest.xml:21:5-23:58
MERGED from [com.android.support:support-fragment:24.2.1] AndroidManifest.xml:21:5-23:60
MERGED from [com.android.support:support-compat:24.2.1] AndroidManifest.xml:21:5-23:58
MERGED from [com.android.support:support-media-compat:24.2.1] AndroidManifest.xml:21:5-23:63
MERGED from [com.android.support:support-compat:24.2.1] AndroidManifest.xml:21:5-23:58
MERGED from [com.android.support:support-core-ui:24.2.1] AndroidManifest.xml:21:5-23:58
MERGED from [com.android.support:support-compat:24.2.1] AndroidManifest.xml:21:5-23:58
MERGED from [com.android.support:support-core-utils:24.2.1] AndroidManifest.xml:21:5-23:61
MERGED from [com.android.support:support-compat:24.2.1] AndroidManifest.xml:21:5-23:58
MERGED from [com.android.support:support-media-compat:24.2.1] AndroidManifest.xml:21:5-23:63
MERGED from [com.android.support:support-compat:24.2.1] AndroidManifest.xml:21:5-23:58
MERGED from [com.android.support:support-core-ui:24.2.1] AndroidManifest.xml:21:5-23:58
MERGED from [com.android.support:support-compat:24.2.1] AndroidManifest.xml:21:5-23:58
MERGED from [com.android.support:support-core-utils:24.2.1] AndroidManifest.xml:21:5-23:61
MERGED from [com.android.support:support-compat:24.2.1] AndroidManifest.xml:21:5-23:58
MERGED from [com.android.support:support-compat:24.2.1] AndroidManifest.xml:21:5-23:58
	tools:overrideLibrary
		ADDED from [com.android.support:support-v4:24.2.1] AndroidManifest.xml:23:9-51
	android:targetSdkVersion
		ADDED from src\main\AndroidManifest.xml:35:9-38
		INJECTED from src\main\AndroidManifest.xml
		INJECTED from src\main\AndroidManifest.xml
	android:minSdkVersion
		ADDED from src\main\AndroidManifest.xml:34:9-35
		INJECTED from src\main\AndroidManifest.xml
		INJECTED from src\main\AndroidManifest.xml
uses-feature#android.hardware.camera
ADDED from src\main\AndroidManifest.xml:38:5-40:36
	android:required
		ADDED from src\main\AndroidManifest.xml:40:9-33
	android:name
		ADDED from src\main\AndroidManifest.xml:39:9-47
uses-feature#android.hardware.camera.front
ADDED from src\main\AndroidManifest.xml:41:5-43:36
	android:required
		ADDED from src\main\AndroidManifest.xml:43:9-33
	android:name
		ADDED from src\main\AndroidManifest.xml:42:9-53
uses-feature#android.hardware.camera.autofocus
ADDED from src\main\AndroidManifest.xml:46:5-48:36
	android:required
		ADDED from src\main\AndroidManifest.xml:48:9-33
	android:name
		ADDED from src\main\AndroidManifest.xml:47:9-57
uses-feature#android.hardware.camera.flash
ADDED from src\main\AndroidManifest.xml:49:5-51:36
	android:required
		ADDED from src\main\AndroidManifest.xml:51:9-33
	android:name
		ADDED from src\main\AndroidManifest.xml:50:9-53
uses-feature#android.hardware.screen.landscape
ADDED from src\main\AndroidManifest.xml:52:5-70
	android:name
		ADDED from src\main\AndroidManifest.xml:52:19-67
uses-feature#android.hardware.wifi
ADDED from src\main\AndroidManifest.xml:53:5-55:36
	android:required
		ADDED from src\main\AndroidManifest.xml:55:9-33
	android:name
		ADDED from src\main\AndroidManifest.xml:54:9-45
uses-feature#android.hardware.touchscreen
ADDED from src\main\AndroidManifest.xml:57:5-65
	android:name
		ADDED from src\main\AndroidManifest.xml:57:19-62
supports-screens
ADDED from src\main\AndroidManifest.xml:60:5-65:40
	android:largeScreens
		ADDED from src\main\AndroidManifest.xml:62:9-36
	android:smallScreens
		ADDED from src\main\AndroidManifest.xml:64:9-36
	android:normalScreens
		ADDED from src\main\AndroidManifest.xml:63:9-37
	android:xlargeScreens
		ADDED from src\main\AndroidManifest.xml:65:9-37
	android:anyDensity
		ADDED from src\main\AndroidManifest.xml:61:9-34
application
ADDED from src\main\AndroidManifest.xml:67:5-229:19
MERGED from [ZxingDemo:zxingCore:unspecified] AndroidManifest.xml:11:5-16:19
MERGED from [com.android.support:support-v4:24.2.1] AndroidManifest.xml:25:5-20
MERGED from [com.android.support:support-compat:24.2.1] AndroidManifest.xml:25:5-20
MERGED from [com.android.support:support-media-compat:24.2.1] AndroidManifest.xml:25:5-20
MERGED from [com.android.support:support-compat:24.2.1] AndroidManifest.xml:25:5-20
MERGED from [com.android.support:support-core-utils:24.2.1] AndroidManifest.xml:25:5-20
MERGED from [com.android.support:support-compat:24.2.1] AndroidManifest.xml:25:5-20
MERGED from [com.android.support:support-core-ui:24.2.1] AndroidManifest.xml:25:5-20
MERGED from [com.android.support:support-compat:24.2.1] AndroidManifest.xml:25:5-20
MERGED from [com.android.support:support-fragment:24.2.1] AndroidManifest.xml:25:5-20
MERGED from [com.android.support:support-compat:24.2.1] AndroidManifest.xml:25:5-20
MERGED from [com.android.support:support-media-compat:24.2.1] AndroidManifest.xml:25:5-20
MERGED from [com.android.support:support-compat:24.2.1] AndroidManifest.xml:25:5-20
MERGED from [com.android.support:support-core-ui:24.2.1] AndroidManifest.xml:25:5-20
MERGED from [com.android.support:support-compat:24.2.1] AndroidManifest.xml:25:5-20
MERGED from [com.android.support:support-core-utils:24.2.1] AndroidManifest.xml:25:5-20
MERGED from [com.android.support:support-compat:24.2.1] AndroidManifest.xml:25:5-20
MERGED from [com.android.support:support-v4:24.2.1] AndroidManifest.xml:25:5-20
MERGED from [com.android.support:support-compat:24.2.1] AndroidManifest.xml:25:5-20
MERGED from [com.android.support:support-media-compat:24.2.1] AndroidManifest.xml:25:5-20
MERGED from [com.android.support:support-compat:24.2.1] AndroidManifest.xml:25:5-20
MERGED from [com.android.support:support-core-utils:24.2.1] AndroidManifest.xml:25:5-20
MERGED from [com.android.support:support-compat:24.2.1] AndroidManifest.xml:25:5-20
MERGED from [com.android.support:support-core-ui:24.2.1] AndroidManifest.xml:25:5-20
MERGED from [com.android.support:support-compat:24.2.1] AndroidManifest.xml:25:5-20
MERGED from [com.android.support:support-fragment:24.2.1] AndroidManifest.xml:25:5-20
MERGED from [com.android.support:support-compat:24.2.1] AndroidManifest.xml:25:5-20
MERGED from [com.android.support:support-media-compat:24.2.1] AndroidManifest.xml:25:5-20
MERGED from [com.android.support:support-compat:24.2.1] AndroidManifest.xml:25:5-20
MERGED from [com.android.support:support-core-ui:24.2.1] AndroidManifest.xml:25:5-20
MERGED from [com.android.support:support-compat:24.2.1] AndroidManifest.xml:25:5-20
MERGED from [com.android.support:support-core-utils:24.2.1] AndroidManifest.xml:25:5-20
MERGED from [com.android.support:support-compat:24.2.1] AndroidManifest.xml:25:5-20
MERGED from [com.android.support:support-fragment:24.2.1] AndroidManifest.xml:25:5-20
MERGED from [com.android.support:support-compat:24.2.1] AndroidManifest.xml:25:5-20
MERGED from [com.android.support:support-media-compat:24.2.1] AndroidManifest.xml:25:5-20
MERGED from [com.android.support:support-compat:24.2.1] AndroidManifest.xml:25:5-20
MERGED from [com.android.support:support-core-ui:24.2.1] AndroidManifest.xml:25:5-20
MERGED from [com.android.support:support-compat:24.2.1] AndroidManifest.xml:25:5-20
MERGED from [com.android.support:support-core-utils:24.2.1] AndroidManifest.xml:25:5-20
MERGED from [com.android.support:support-compat:24.2.1] AndroidManifest.xml:25:5-20
MERGED from [com.android.support:support-media-compat:24.2.1] AndroidManifest.xml:25:5-20
MERGED from [com.android.support:support-compat:24.2.1] AndroidManifest.xml:25:5-20
MERGED from [com.android.support:support-core-ui:24.2.1] AndroidManifest.xml:25:5-20
MERGED from [com.android.support:support-compat:24.2.1] AndroidManifest.xml:25:5-20
MERGED from [com.android.support:support-core-utils:24.2.1] AndroidManifest.xml:25:5-20
MERGED from [com.android.support:support-compat:24.2.1] AndroidManifest.xml:25:5-20
MERGED from [com.android.support:support-compat:24.2.1] AndroidManifest.xml:25:5-20
	android:label
		ADDED from src\main\AndroidManifest.xml:69:9-41
	android:allowBackup
		ADDED from src\main\AndroidManifest.xml:68:9-35
	android:icon
		ADDED from [ZxingDemo:zxingCore:unspecified] AndroidManifest.xml:13:9-45
	android:theme
		ADDED from [ZxingDemo:zxingCore:unspecified] AndroidManifest.xml:15:9-40
activity#com.google.zxing.client.android.CaptureActivity
ADDED from src\main\AndroidManifest.xml:70:9-136:20
	android:clearTaskOnLaunch
		ADDED from src\main\AndroidManifest.xml:72:13-45
	android:screenOrientation
		ADDED from src\main\AndroidManifest.xml:74:13-49
	android:stateNotNeeded
		ADDED from src\main\AndroidManifest.xml:75:13-42
	android:windowSoftInputMode
		ADDED from src\main\AndroidManifest.xml:77:13-60
	android:configChanges
		ADDED from src\main\AndroidManifest.xml:73:13-63
	android:theme
		ADDED from src\main\AndroidManifest.xml:76:13-48
	android:name
		ADDED from src\main\AndroidManifest.xml:71:13-44
intent-filter#android.intent.action.MAIN+android.intent.category.LAUNCHER
ADDED from src\main\AndroidManifest.xml:78:13-82:29
action#android.intent.action.MAIN
ADDED from src\main\AndroidManifest.xml:79:17-69
	android:name
		ADDED from src\main\AndroidManifest.xml:79:25-66
category#android.intent.category.LAUNCHER
ADDED from src\main\AndroidManifest.xml:81:17-77
	android:name
		ADDED from src\main\AndroidManifest.xml:81:27-74
intent-filter#android.intent.category.DEFAULT+com.google.zxing.client.android.SCAN
ADDED from src\main\AndroidManifest.xml:83:13-87:29
action#com.google.zxing.client.android.SCAN
ADDED from src\main\AndroidManifest.xml:84:17-79
	android:name
		ADDED from src\main\AndroidManifest.xml:84:25-76
category#android.intent.category.DEFAULT
ADDED from src\main\AndroidManifest.xml:86:17-76
	android:name
		ADDED from src\main\AndroidManifest.xml:86:27-73
intent-filter#android.intent.action.VIEW+android.intent.category.BROWSABLE+android.intent.category.DEFAULT
ADDED from src\main\AndroidManifest.xml:89:13-99:29
action#android.intent.action.VIEW
ADDED from src\main\AndroidManifest.xml:90:17-69
	android:name
		ADDED from src\main\AndroidManifest.xml:90:25-66
category#android.intent.category.BROWSABLE
ADDED from src\main\AndroidManifest.xml:93:17-78
	android:name
		ADDED from src\main\AndroidManifest.xml:93:27-75
data
ADDED from src\main\AndroidManifest.xml:95:17-98:45
	android:path
		ADDED from src\main\AndroidManifest.xml:97:21-41
	android:host
		ADDED from src\main\AndroidManifest.xml:96:21-53
	android:scheme
		ADDED from src\main\AndroidManifest.xml:98:21-42
activity#com.google.zxing.client.android.PreferencesActivity
ADDED from src\main\AndroidManifest.xml:137:9-141:20
	android:label
		ADDED from src\main\AndroidManifest.xml:139:13-53
	android:stateNotNeeded
		ADDED from src\main\AndroidManifest.xml:140:13-42
	android:name
		ADDED from src\main\AndroidManifest.xml:138:13-48
activity#com.google.zxing.client.android.encode.EncodeActivity
ADDED from src\main\AndroidManifest.xml:142:9-166:20
	android:stateNotNeeded
		ADDED from src\main\AndroidManifest.xml:144:13-42
	android:name
		ADDED from src\main\AndroidManifest.xml:143:13-50
intent-filter#android.intent.category.DEFAULT+com.google.zxing.client.android.ENCODE
ADDED from src\main\AndroidManifest.xml:145:13-149:29
action#com.google.zxing.client.android.ENCODE
ADDED from src\main\AndroidManifest.xml:146:17-81
	android:name
		ADDED from src\main\AndroidManifest.xml:146:25-78
intent-filter#android.intent.action.SEND+android.intent.category.DEFAULT
ADDED from src\main\AndroidManifest.xml:151:13-157:29
action#android.intent.action.SEND
ADDED from src\main\AndroidManifest.xml:152:17-69
	android:name
		ADDED from src\main\AndroidManifest.xml:152:25-66
activity#com.google.zxing.client.android.book.SearchBookContentsActivity
ADDED from src\main\AndroidManifest.xml:167:9-178:20
	android:screenOrientation
		ADDED from src\main\AndroidManifest.xml:171:13-50
	android:label
		ADDED from src\main\AndroidManifest.xml:170:13-45
	android:stateNotNeeded
		ADDED from src\main\AndroidManifest.xml:172:13-42
	android:configChanges
		ADDED from src\main\AndroidManifest.xml:169:13-63
	android:name
		ADDED from src\main\AndroidManifest.xml:168:13-60
intent-filter#android.intent.category.DEFAULT+com.google.zxing.client.android.SEARCH_BOOK_CONTENTS
ADDED from src\main\AndroidManifest.xml:173:13-177:29
action#com.google.zxing.client.android.SEARCH_BOOK_CONTENTS
ADDED from src\main\AndroidManifest.xml:174:17-95
	android:name
		ADDED from src\main\AndroidManifest.xml:174:25-92
activity#com.google.zxing.client.android.share.ShareActivity
ADDED from src\main\AndroidManifest.xml:179:9-188:20
	android:screenOrientation
		ADDED from src\main\AndroidManifest.xml:181:13-45
	android:stateNotNeeded
		ADDED from src\main\AndroidManifest.xml:182:13-42
	android:name
		ADDED from src\main\AndroidManifest.xml:180:13-48
intent-filter#android.intent.category.DEFAULT+com.google.zxing.client.android.SHARE
ADDED from src\main\AndroidManifest.xml:183:13-187:29
action#com.google.zxing.client.android.SHARE
ADDED from src\main\AndroidManifest.xml:184:17-80
	android:name
		ADDED from src\main\AndroidManifest.xml:184:25-77
activity#com.google.zxing.client.android.history.HistoryActivity
ADDED from src\main\AndroidManifest.xml:189:9-198:20
	android:label
		ADDED from src\main\AndroidManifest.xml:191:13-50
	android:stateNotNeeded
		ADDED from src\main\AndroidManifest.xml:192:13-42
	android:name
		ADDED from src\main\AndroidManifest.xml:190:13-52
intent-filter#android.intent.action.VIEW+android.intent.category.DEFAULT
ADDED from src\main\AndroidManifest.xml:193:13-197:29
activity#com.google.zxing.client.android.share.BookmarkPickerActivity
ADDED from src\main\AndroidManifest.xml:199:9-208:20
	android:label
		ADDED from src\main\AndroidManifest.xml:201:13-57
	android:stateNotNeeded
		ADDED from src\main\AndroidManifest.xml:202:13-42
	android:name
		ADDED from src\main\AndroidManifest.xml:200:13-57
intent-filter#android.intent.action.PICK+android.intent.category.DEFAULT
ADDED from src\main\AndroidManifest.xml:203:13-207:29
action#android.intent.action.PICK
ADDED from src\main\AndroidManifest.xml:204:17-69
	android:name
		ADDED from src\main\AndroidManifest.xml:204:25-66
activity#com.google.zxing.client.android.share.AppPickerActivity
ADDED from src\main\AndroidManifest.xml:209:9-219:20
	android:label
		ADDED from src\main\AndroidManifest.xml:212:13-52
	android:stateNotNeeded
		ADDED from src\main\AndroidManifest.xml:213:13-42
	android:configChanges
		ADDED from src\main\AndroidManifest.xml:211:13-48
	android:name
		ADDED from src\main\AndroidManifest.xml:210:13-52
activity#com.google.zxing.client.android.HelpActivity
ADDED from src\main\AndroidManifest.xml:220:9-228:20
	android:screenOrientation
		ADDED from src\main\AndroidManifest.xml:222:13-45
	android:name
		ADDED from src\main\AndroidManifest.xml:221:13-41